<?xml version="1.0" encoding="UTF-8"?>
<!-- Generated by org.testng.reporters.JUnitXMLReporter -->
<testsuite ignored="0" hostname="Muhammads-MBP.nyc.rr.com" failures="0" tests="4" name="Default test" time="21.293" errors="0" timestamp="2021-11-18T15:05:25 EST">
  <testcase classname="com.clover.testcase.GoogleSearchTest" name="GoogleSearchTest" time="6.182"/>
  <testcase classname="com.clover.testcase.GoogleSearchTest" name="GoogleSearchTest" time="4.674"/>
  <testcase classname="com.clover.testcase.GoogleSearchTest" name="GoogleSearchTest" time="4.856"/>
  <testcase classname="com.clover.testcase.GoogleSearchTest" name="GoogleSearchTest" time="5.398"/>
</testsuite> <!-- Default test -->
