<?xml version="1.0" encoding="UTF-8"?>
<!-- Generated by org.testng.reporters.JUnitXMLReporter -->
<testsuite ignored="0" hostname="Muhammads-MBP.nyc.rr.com" failures="0" tests="4" name="Regression" time="16.483" errors="0" timestamp="2021-11-18T14:06:41 EST">
  <testcase classname="com.clover.testcase.GoogleSearchTest" name="GoogleSearchTest" time="4.792"/>
  <testcase classname="com.clover.testcase.GoogleSearchTest" name="GoogleSearchTest" time="4.002"/>
  <testcase classname="com.clover.testcase.GoogleSearchTest" name="GoogleSearchTest" time="3.701"/>
  <testcase classname="com.clover.testcase.GoogleSearchTest" name="GoogleSearchTest" time="3.756"/>
</testsuite> <!-- Regression -->
